{"/Users/williamsantos/workroot/react-native/shopping/Utils/monks/Store/index.tsx": {"path":"/Users/williamsantos/workroot/react-native/shopping/Utils/monks/Store/index.tsx","statementMap":{"0":{"start":{"line":8,"column":20},"end":{"line":8,"column":27}},"1":{"start":{"line":9,"column":18},"end":{"line":9,"column":45}},"2":{"start":{"line":11,"column":29},"end":{"line":21,"column":1}},"3":{"start":{"line":22,"column":21},"end":{"line":29,"column":1}},"4":{"start":{"line":23,"column":16},"end":{"line":23,"column":43}},"5":{"start":{"line":24,"column":2},"end":{"line":28,"column":4}}},"fnMap":{"0":{"name":"(anonymous_0)","decl":{"start":{"line":22,"column":21},"end":{"line":22,"column":22}},"loc":{"start":{"line":22,"column":69},"end":{"line":29,"column":1}},"line":22}},"branchMap":{},"s":{"0":2,"1":2,"2":2,"3":2,"4":3,"5":3},"f":{"0":3},"b":{},"_coverageSchema":"1a1c01bbd47fc00a2c39e90264f33305004495a9","hash":"8b7ce3234fdcd955dc59316bd908ee30baeada22"}
,"/Users/williamsantos/workroot/react-native/shopping/src/index.tsx": {"path":"/Users/williamsantos/workroot/react-native/shopping/src/index.tsx","statementMap":{"0":{"start":{"line":7,"column":12},"end":{"line":14,"column":1}},"1":{"start":{"line":8,"column":2},"end":{"line":13,"column":4}}},"fnMap":{"0":{"name":"(anonymous_0)","decl":{"start":{"line":7,"column":12},"end":{"line":7,"column":13}},"loc":{"start":{"line":7,"column":18},"end":{"line":14,"column":1}},"line":7}},"branchMap":{},"s":{"0":1,"1":1},"f":{"0":1},"b":{},"_coverageSchema":"1a1c01bbd47fc00a2c39e90264f33305004495a9","hash":"4f70e69f5fe21dfec128af237ac3f881c8c7e473"}
,"/Users/williamsantos/workroot/react-native/shopping/src/Components/Count/index.tsx": {"path":"/Users/williamsantos/workroot/react-native/shopping/src/Components/Count/index.tsx","statementMap":{"0":{"start":{"line":11,"column":14},"end":{"line":33,"column":1}},"1":{"start":{"line":12,"column":18},"end":{"line":16,"column":3}},"2":{"start":{"line":13,"column":4},"end":{"line":15,"column":45}},"3":{"start":{"line":14,"column":25},"end":{"line":14,"column":47}},"4":{"start":{"line":15,"column":29},"end":{"line":15,"column":44}},"5":{"start":{"line":17,"column":19},"end":{"line":17,"column":32}},"6":{"start":{"line":18,"column":2},"end":{"line":32,"column":4}},"7":{"start":{"line":22,"column":23},"end":{"line":22,"column":59}},"8":{"start":{"line":28,"column":23},"end":{"line":28,"column":64}}},"fnMap":{"0":{"name":"(anonymous_0)","decl":{"start":{"line":11,"column":14},"end":{"line":11,"column":15}},"loc":{"start":{"line":11,"column":36},"end":{"line":33,"column":1}},"line":11},"1":{"name":"(anonymous_1)","decl":{"start":{"line":12,"column":53},"end":{"line":12,"column":54}},"loc":{"start":{"line":13,"column":4},"end":{"line":15,"column":45}},"line":13},"2":{"name":"(anonymous_2)","decl":{"start":{"line":14,"column":15},"end":{"line":14,"column":16}},"loc":{"start":{"line":14,"column":25},"end":{"line":14,"column":47}},"line":14},"3":{"name":"(anonymous_3)","decl":{"start":{"line":15,"column":19},"end":{"line":15,"column":20}},"loc":{"start":{"line":15,"column":29},"end":{"line":15,"column":44}},"line":15},"4":{"name":"(anonymous_4)","decl":{"start":{"line":22,"column":17},"end":{"line":22,"column":18}},"loc":{"start":{"line":22,"column":23},"end":{"line":22,"column":59}},"line":22},"5":{"name":"(anonymous_5)","decl":{"start":{"line":28,"column":17},"end":{"line":28,"column":18}},"loc":{"start":{"line":28,"column":23},"end":{"line":28,"column":64}},"line":28}},"branchMap":{"0":{"loc":{"start":{"line":15,"column":29},"end":{"line":15,"column":44}},"type":"binary-expr","locations":[{"start":{"line":15,"column":29},"end":{"line":15,"column":39}},{"start":{"line":15,"column":43},"end":{"line":15,"column":44}}],"line":15}},"s":{"0":3,"1":10,"2":15,"3":15,"4":15,"5":10,"6":10,"7":1,"8":1},"f":{"0":10,"1":15,"2":15,"3":15,"4":1,"5":1},"b":{"0":[15,3]},"_coverageSchema":"1a1c01bbd47fc00a2c39e90264f33305004495a9","hash":"ab21b53fe3c1e2162c3492096ee190f3baac8609"}
,"/Users/williamsantos/workroot/react-native/shopping/src/Components/Count/styles.ts": {"path":"/Users/williamsantos/workroot/react-native/shopping/src/Components/Count/styles.ts","statementMap":{"0":{"start":{"line":3,"column":25},"end":{"line":6,"column":1}},"1":{"start":{"line":7,"column":22},"end":{"line":15,"column":1}},"2":{"start":{"line":16,"column":26},"end":{"line":22,"column":1}},"3":{"start":{"line":23,"column":21},"end":{"line":23,"column":34}}},"fnMap":{},"branchMap":{},"s":{"0":3,"1":3,"2":3,"3":3},"f":{},"b":{},"_coverageSchema":"1a1c01bbd47fc00a2c39e90264f33305004495a9","hash":"583b1dfacdf4cef4c8f8c0854a011413d9938c27"}
,"/Users/williamsantos/workroot/react-native/shopping/src/Components/Product/index.tsx": {"path":"/Users/williamsantos/workroot/react-native/shopping/src/Components/Product/index.tsx","statementMap":{"0":{"start":{"line":11,"column":16},"end":{"line":28,"column":1}},"1":{"start":{"line":12,"column":21},"end":{"line":12,"column":36}},"2":{"start":{"line":13,"column":2},"end":{"line":27,"column":4}},"3":{"start":{"line":17,"column":8},"end":{"line":19,"column":10}}},"fnMap":{"0":{"name":"(anonymous_0)","decl":{"start":{"line":11,"column":16},"end":{"line":11,"column":17}},"loc":{"start":{"line":11,"column":38},"end":{"line":28,"column":1}},"line":11},"1":{"name":"(anonymous_1)","decl":{"start":{"line":16,"column":15},"end":{"line":16,"column":16}},"loc":{"start":{"line":17,"column":8},"end":{"line":19,"column":10}},"line":17}},"branchMap":{},"s":{"0":2,"1":61,"2":61,"3":1},"f":{"0":61,"1":1},"b":{},"_coverageSchema":"1a1c01bbd47fc00a2c39e90264f33305004495a9","hash":"c61cd431139acbb514162c224069ff26196e099a"}
,"/Users/williamsantos/workroot/react-native/shopping/src/Components/Product/styles.ts": {"path":"/Users/williamsantos/workroot/react-native/shopping/src/Components/Product/styles.ts","statementMap":{"0":{"start":{"line":3,"column":25},"end":{"line":12,"column":1}},"1":{"start":{"line":14,"column":19},"end":{"line":17,"column":1}},"2":{"start":{"line":19,"column":20},"end":{"line":23,"column":1}},"3":{"start":{"line":25,"column":21},"end":{"line":28,"column":1}},"4":{"start":{"line":30,"column":22},"end":{"line":36,"column":1}}},"fnMap":{},"branchMap":{},"s":{"0":2,"1":2,"2":2,"3":2,"4":2},"f":{},"b":{},"_coverageSchema":"1a1c01bbd47fc00a2c39e90264f33305004495a9","hash":"043e79dac7193ef655a51c9c09f2cc7e0d4e0148"}
,"/Users/williamsantos/workroot/react-native/shopping/src/Components/ProductCart/index.tsx": {"path":"/Users/williamsantos/workroot/react-native/shopping/src/Components/ProductCart/index.tsx","statementMap":{"0":{"start":{"line":12,"column":16},"end":{"line":23,"column":1}},"1":{"start":{"line":13,"column":2},"end":{"line":22,"column":4}}},"fnMap":{"0":{"name":"(anonymous_0)","decl":{"start":{"line":12,"column":16},"end":{"line":12,"column":17}},"loc":{"start":{"line":12,"column":38},"end":{"line":23,"column":1}},"line":12}},"branchMap":{},"s":{"0":2,"1":4},"f":{"0":4},"b":{},"_coverageSchema":"1a1c01bbd47fc00a2c39e90264f33305004495a9","hash":"3ae6f44dd0e70693fe6d126fd59ccf19d530b181"}
,"/Users/williamsantos/workroot/react-native/shopping/src/Components/ProductCart/styles.ts": {"path":"/Users/williamsantos/workroot/react-native/shopping/src/Components/ProductCart/styles.ts","statementMap":{"0":{"start":{"line":3,"column":25},"end":{"line":12,"column":1}},"1":{"start":{"line":14,"column":19},"end":{"line":17,"column":1}},"2":{"start":{"line":19,"column":20},"end":{"line":23,"column":1}},"3":{"start":{"line":25,"column":21},"end":{"line":29,"column":1}},"4":{"start":{"line":31,"column":22},"end":{"line":37,"column":1}}},"fnMap":{},"branchMap":{},"s":{"0":2,"1":2,"2":2,"3":2,"4":2},"f":{},"b":{},"_coverageSchema":"1a1c01bbd47fc00a2c39e90264f33305004495a9","hash":"d7c16548f00216c3bcf6caa919bcd660358d5a89"}
,"/Users/williamsantos/workroot/react-native/shopping/src/Routes/index.tsx": {"path":"/Users/williamsantos/workroot/react-native/shopping/src/Routes/index.tsx","statementMap":{"0":{"start":{"line":13,"column":14},"end":{"line":13,"column":36}},"1":{"start":{"line":14,"column":14},"end":{"line":55,"column":1}},"2":{"start":{"line":15,"column":24},"end":{"line":15,"column":66}},"3":{"start":{"line":15,"column":51},"end":{"line":15,"column":65}},"4":{"start":{"line":16,"column":2},"end":{"line":54,"column":4}},"5":{"start":{"line":20,"column":42},"end":{"line":48,"column":9}},"6":{"start":{"line":27,"column":12},"end":{"line":46,"column":31}},"7":{"start":{"line":29,"column":29},"end":{"line":29,"column":56}}},"fnMap":{"0":{"name":"(anonymous_0)","decl":{"start":{"line":14,"column":14},"end":{"line":14,"column":15}},"loc":{"start":{"line":14,"column":20},"end":{"line":55,"column":1}},"line":14},"1":{"name":"(anonymous_1)","decl":{"start":{"line":15,"column":44},"end":{"line":15,"column":45}},"loc":{"start":{"line":15,"column":51},"end":{"line":15,"column":65}},"line":15},"2":{"name":"(anonymous_2)","decl":{"start":{"line":20,"column":23},"end":{"line":20,"column":24}},"loc":{"start":{"line":20,"column":42},"end":{"line":48,"column":9}},"line":20},"3":{"name":"(anonymous_3)","decl":{"start":{"line":26,"column":23},"end":{"line":26,"column":24}},"loc":{"start":{"line":27,"column":12},"end":{"line":46,"column":31}},"line":27},"4":{"name":"(anonymous_4)","decl":{"start":{"line":29,"column":23},"end":{"line":29,"column":24}},"loc":{"start":{"line":29,"column":29},"end":{"line":29,"column":56}},"line":29}},"branchMap":{"0":{"loc":{"start":{"line":31,"column":15},"end":{"line":44,"column":15}},"type":"binary-expr","locations":[{"start":{"line":31,"column":15},"end":{"line":31,"column":26}},{"start":{"line":32,"column":16},"end":{"line":43,"column":23}}],"line":31}},"s":{"0":1,"1":1,"2":4,"3":10,"4":4,"5":12,"6":13,"7":1},"f":{"0":4,"1":10,"2":12,"3":13,"4":1},"b":{"0":[13,7]},"_coverageSchema":"1a1c01bbd47fc00a2c39e90264f33305004495a9","hash":"39e88902432d919cdb8506ab2bf03f9585c7a3a2"}
,"/Users/williamsantos/workroot/react-native/shopping/src/Screens/Cart/index.tsx": {"path":"/Users/williamsantos/workroot/react-native/shopping/src/Screens/Cart/index.tsx","statementMap":{"0":{"start":{"line":6,"column":13},"end":{"line":18,"column":1}},"1":{"start":{"line":7,"column":34},"end":{"line":7,"column":63}},"2":{"start":{"line":7,"column":61},"end":{"line":7,"column":62}},"3":{"start":{"line":9,"column":2},"end":{"line":17,"column":4}},"4":{"start":{"line":13,"column":32},"end":{"line":13,"column":45}},"5":{"start":{"line":14,"column":32},"end":{"line":14,"column":62}}},"fnMap":{"0":{"name":"(anonymous_0)","decl":{"start":{"line":6,"column":13},"end":{"line":6,"column":14}},"loc":{"start":{"line":6,"column":19},"end":{"line":18,"column":1}},"line":6},"1":{"name":"(anonymous_1)","decl":{"start":{"line":7,"column":54},"end":{"line":7,"column":55}},"loc":{"start":{"line":7,"column":61},"end":{"line":7,"column":62}},"line":7},"2":{"name":"(anonymous_2)","decl":{"start":{"line":13,"column":22},"end":{"line":13,"column":23}},"loc":{"start":{"line":13,"column":32},"end":{"line":13,"column":45}},"line":13},"3":{"name":"(anonymous_3)","decl":{"start":{"line":14,"column":20},"end":{"line":14,"column":21}},"loc":{"start":{"line":14,"column":32},"end":{"line":14,"column":62}},"line":14}},"branchMap":{},"s":{"0":2,"1":4,"2":8,"3":4,"4":4,"5":4},"f":{"0":4,"1":8,"2":4,"3":4},"b":{},"_coverageSchema":"1a1c01bbd47fc00a2c39e90264f33305004495a9","hash":"3341c73d544f0650e56c13a146d5be3be2bda864"}
,"/Users/williamsantos/workroot/react-native/shopping/src/Screens/Cart/styles.ts": {"path":"/Users/williamsantos/workroot/react-native/shopping/src/Screens/Cart/styles.ts","statementMap":{"0":{"start":{"line":5,"column":25},"end":{"line":7,"column":1}},"1":{"start":{"line":9,"column":20},"end":{"line":11,"column":1}}},"fnMap":{},"branchMap":{},"s":{"0":2,"1":2},"f":{},"b":{},"_coverageSchema":"1a1c01bbd47fc00a2c39e90264f33305004495a9","hash":"1004799cd27fc3737cdb8db5ba170f608fc269ba"}
,"/Users/williamsantos/workroot/react-native/shopping/src/Screens/Details/index.tsx": {"path":"/Users/williamsantos/workroot/react-native/shopping/src/Screens/Details/index.tsx","statementMap":{"0":{"start":{"line":20,"column":16},"end":{"line":51,"column":1}},"1":{"start":{"line":21,"column":16},"end":{"line":21,"column":26}},"2":{"start":{"line":22,"column":21},"end":{"line":22,"column":36}},"3":{"start":{"line":23,"column":28},"end":{"line":23,"column":48}},"4":{"start":{"line":24,"column":19},"end":{"line":24,"column":32}},"5":{"start":{"line":25,"column":17},"end":{"line":29,"column":3}},"6":{"start":{"line":26,"column":4},"end":{"line":28,"column":77}},"7":{"start":{"line":27,"column":25},"end":{"line":27,"column":47}},"8":{"start":{"line":28,"column":36},"end":{"line":28,"column":69}},"9":{"start":{"line":31,"column":2},"end":{"line":50,"column":4}},"10":{"start":{"line":40,"column":12},"end":{"line":42,"column":51}}},"fnMap":{"0":{"name":"(anonymous_0)","decl":{"start":{"line":20,"column":16},"end":{"line":20,"column":17}},"loc":{"start":{"line":20,"column":22},"end":{"line":51,"column":1}},"line":20},"1":{"name":"(anonymous_1)","decl":{"start":{"line":25,"column":37},"end":{"line":25,"column":38}},"loc":{"start":{"line":26,"column":4},"end":{"line":28,"column":77}},"line":26},"2":{"name":"(anonymous_2)","decl":{"start":{"line":27,"column":15},"end":{"line":27,"column":16}},"loc":{"start":{"line":27,"column":25},"end":{"line":27,"column":47}},"line":27},"3":{"name":"(anonymous_3)","decl":{"start":{"line":28,"column":14},"end":{"line":28,"column":15}},"loc":{"start":{"line":28,"column":36},"end":{"line":28,"column":69}},"line":28},"4":{"name":"(anonymous_4)","decl":{"start":{"line":39,"column":19},"end":{"line":39,"column":20}},"loc":{"start":{"line":39,"column":25},"end":{"line":43,"column":11}},"line":39}},"branchMap":{"0":{"loc":{"start":{"line":28,"column":36},"end":{"line":28,"column":69}},"type":"binary-expr","locations":[{"start":{"line":28,"column":36},"end":{"line":28,"column":61}},{"start":{"line":28,"column":65},"end":{"line":28,"column":69}}],"line":28},"1":{"loc":{"start":{"line":40,"column":12},"end":{"line":42,"column":50}},"type":"cond-expr","locations":[{"start":{"line":41,"column":16},"end":{"line":41,"column":53}},{"start":{"line":42,"column":16},"end":{"line":42,"column":50}}],"line":40},"2":{"loc":{"start":{"line":45,"column":13},"end":{"line":45,"column":69}},"type":"cond-expr","locations":[{"start":{"line":45,"column":22},"end":{"line":45,"column":43}},{"start":{"line":45,"column":46},"end":{"line":45,"column":69}}],"line":45}},"s":{"0":2,"1":6,"2":6,"3":6,"4":6,"5":6,"6":16,"7":9,"8":9,"9":6,"10":5},"f":{"0":6,"1":16,"2":9,"3":9,"4":5},"b":{"0":[9,9],"1":[2,3],"2":[3,3]},"_coverageSchema":"1a1c01bbd47fc00a2c39e90264f33305004495a9","hash":"abee58516a49d7a89beeed09c8ed16be0039e8b4"}
,"/Users/williamsantos/workroot/react-native/shopping/src/Screens/Details/styles.ts": {"path":"/Users/williamsantos/workroot/react-native/shopping/src/Screens/Details/styles.ts","statementMap":{"0":{"start":{"line":3,"column":25},"end":{"line":3,"column":38}},"1":{"start":{"line":4,"column":19},"end":{"line":7,"column":1}},"2":{"start":{"line":8,"column":32},"end":{"line":13,"column":1}},"3":{"start":{"line":14,"column":20},"end":{"line":17,"column":1}},"4":{"start":{"line":18,"column":21},"end":{"line":22,"column":1}},"5":{"start":{"line":24,"column":22},"end":{"line":29,"column":1}},"6":{"start":{"line":30,"column":26},"end":{"line":32,"column":1}}},"fnMap":{},"branchMap":{},"s":{"0":2,"1":2,"2":2,"3":2,"4":2,"5":2,"6":2},"f":{},"b":{},"_coverageSchema":"1a1c01bbd47fc00a2c39e90264f33305004495a9","hash":"31cfc38c440e9d3607f717b4eb5cd69f0f925e60"}
,"/Users/williamsantos/workroot/react-native/shopping/src/Screens/Shop/index.tsx": {"path":"/Users/williamsantos/workroot/react-native/shopping/src/Screens/Shop/index.tsx","statementMap":{"0":{"start":{"line":6,"column":13},"end":{"line":18,"column":1}},"1":{"start":{"line":7,"column":38},"end":{"line":7,"column":67}},"2":{"start":{"line":7,"column":65},"end":{"line":7,"column":66}},"3":{"start":{"line":9,"column":2},"end":{"line":17,"column":4}},"4":{"start":{"line":13,"column":32},"end":{"line":13,"column":45}},"5":{"start":{"line":14,"column":32},"end":{"line":14,"column":58}}},"fnMap":{"0":{"name":"(anonymous_0)","decl":{"start":{"line":6,"column":13},"end":{"line":6,"column":14}},"loc":{"start":{"line":6,"column":19},"end":{"line":18,"column":1}},"line":6},"1":{"name":"(anonymous_1)","decl":{"start":{"line":7,"column":58},"end":{"line":7,"column":59}},"loc":{"start":{"line":7,"column":65},"end":{"line":7,"column":66}},"line":7},"2":{"name":"(anonymous_2)","decl":{"start":{"line":13,"column":22},"end":{"line":13,"column":23}},"loc":{"start":{"line":13,"column":32},"end":{"line":13,"column":45}},"line":13},"3":{"name":"(anonymous_3)","decl":{"start":{"line":14,"column":20},"end":{"line":14,"column":21}},"loc":{"start":{"line":14,"column":32},"end":{"line":14,"column":58}},"line":14}},"branchMap":{},"s":{"0":2,"1":7,"2":14,"3":7,"4":61,"5":61},"f":{"0":7,"1":14,"2":61,"3":61},"b":{},"_coverageSchema":"1a1c01bbd47fc00a2c39e90264f33305004495a9","hash":"8dffbf0ac356e170914d7a53ef9ba8610fde6ec8"}
,"/Users/williamsantos/workroot/react-native/shopping/src/Screens/Shop/styles.ts": {"path":"/Users/williamsantos/workroot/react-native/shopping/src/Screens/Shop/styles.ts","statementMap":{"0":{"start":{"line":5,"column":25},"end":{"line":7,"column":1}},"1":{"start":{"line":9,"column":20},"end":{"line":11,"column":1}}},"fnMap":{},"branchMap":{},"s":{"0":2,"1":2},"f":{},"b":{},"_coverageSchema":"1a1c01bbd47fc00a2c39e90264f33305004495a9","hash":"ef73dedb76d7aa2568671ec14fdabfcda0b26ab8"}
,"/Users/williamsantos/workroot/react-native/shopping/src/Store/Shop.ts": {"path":"/Users/williamsantos/workroot/react-native/shopping/src/Store/Shop.ts","statementMap":{"0":{"start":{"line":26,"column":29},"end":{"line":101,"column":1}},"1":{"start":{"line":103,"column":13},"end":{"line":145,"column":1}},"2":{"start":{"line":107,"column":2},"end":{"line":112,"column":3}},"3":{"start":{"line":108,"column":37},"end":{"line":108,"column":47}},"4":{"start":{"line":109,"column":4},"end":{"line":109,"column":22}},"5":{"start":{"line":110,"column":4},"end":{"line":110,"column":26}},"6":{"start":{"line":111,"column":4},"end":{"line":111,"column":37}},"7":{"start":{"line":113,"column":2},"end":{"line":119,"column":3}},"8":{"start":{"line":114,"column":37},"end":{"line":116,"column":5}},"9":{"start":{"line":115,"column":16},"end":{"line":115,"column":38}},"10":{"start":{"line":118,"column":4},"end":{"line":118,"column":37}},"11":{"start":{"line":120,"column":2},"end":{"line":127,"column":3}},"12":{"start":{"line":121,"column":4},"end":{"line":121,"column":45}},"13":{"start":{"line":122,"column":37},"end":{"line":124,"column":5}},"14":{"start":{"line":123,"column":16},"end":{"line":123,"column":38}},"15":{"start":{"line":125,"column":4},"end":{"line":125,"column":26}},"16":{"start":{"line":126,"column":4},"end":{"line":126,"column":37}},"17":{"start":{"line":128,"column":2},"end":{"line":143,"column":3}},"18":{"start":{"line":129,"column":4},"end":{"line":129,"column":45}},"19":{"start":{"line":130,"column":4},"end":{"line":136,"column":5}},"20":{"start":{"line":131,"column":39},"end":{"line":133,"column":7}},"21":{"start":{"line":132,"column":18},"end":{"line":132,"column":40}},"22":{"start":{"line":135,"column":6},"end":{"line":135,"column":39}},"23":{"start":{"line":137,"column":37},"end":{"line":139,"column":5}},"24":{"start":{"line":138,"column":16},"end":{"line":138,"column":38}},"25":{"start":{"line":140,"column":4},"end":{"line":140,"column":26}},"26":{"start":{"line":142,"column":4},"end":{"line":142,"column":37}},"27":{"start":{"line":144,"column":2},"end":{"line":144,"column":15}},"28":{"start":{"line":147,"column":24},"end":{"line":152,"column":1}},"29":{"start":{"line":148,"column":34},"end":{"line":148,"column":64}},"30":{"start":{"line":149,"column":37},"end":{"line":149,"column":70}},"31":{"start":{"line":150,"column":36},"end":{"line":150,"column":68}},"32":{"start":{"line":151,"column":41},"end":{"line":151,"column":78}}},"fnMap":{"0":{"name":"(anonymous_0)","decl":{"start":{"line":103,"column":13},"end":{"line":103,"column":14}},"loc":{"start":{"line":106,"column":13},"end":{"line":145,"column":1}},"line":106},"1":{"name":"(anonymous_1)","decl":{"start":{"line":115,"column":6},"end":{"line":115,"column":7}},"loc":{"start":{"line":115,"column":16},"end":{"line":115,"column":38}},"line":115},"2":{"name":"(anonymous_2)","decl":{"start":{"line":123,"column":6},"end":{"line":123,"column":7}},"loc":{"start":{"line":123,"column":16},"end":{"line":123,"column":38}},"line":123},"3":{"name":"(anonymous_3)","decl":{"start":{"line":132,"column":8},"end":{"line":132,"column":9}},"loc":{"start":{"line":132,"column":18},"end":{"line":132,"column":40}},"line":132},"4":{"name":"(anonymous_4)","decl":{"start":{"line":138,"column":6},"end":{"line":138,"column":7}},"loc":{"start":{"line":138,"column":16},"end":{"line":138,"column":38}},"line":138},"5":{"name":"(anonymous_5)","decl":{"start":{"line":148,"column":10},"end":{"line":148,"column":11}},"loc":{"start":{"line":148,"column":34},"end":{"line":148,"column":64}},"line":148},"6":{"name":"(anonymous_6)","decl":{"start":{"line":149,"column":13},"end":{"line":149,"column":14}},"loc":{"start":{"line":149,"column":37},"end":{"line":149,"column":70}},"line":149},"7":{"name":"(anonymous_7)","decl":{"start":{"line":150,"column":12},"end":{"line":150,"column":13}},"loc":{"start":{"line":150,"column":36},"end":{"line":150,"column":68}},"line":150},"8":{"name":"(anonymous_8)","decl":{"start":{"line":151,"column":17},"end":{"line":151,"column":18}},"loc":{"start":{"line":151,"column":41},"end":{"line":151,"column":78}},"line":151}},"branchMap":{"0":{"loc":{"start":{"line":104,"column":2},"end":{"line":104,"column":30}},"type":"default-arg","locations":[{"start":{"line":104,"column":18},"end":{"line":104,"column":30}}],"line":104},"1":{"loc":{"start":{"line":107,"column":2},"end":{"line":112,"column":3}},"type":"if","locations":[{"start":{"line":107,"column":2},"end":{"line":112,"column":3}},{"start":{"line":107,"column":2},"end":{"line":112,"column":3}}],"line":107},"2":{"loc":{"start":{"line":113,"column":2},"end":{"line":119,"column":3}},"type":"if","locations":[{"start":{"line":113,"column":2},"end":{"line":119,"column":3}},{"start":{"line":113,"column":2},"end":{"line":119,"column":3}}],"line":113},"3":{"loc":{"start":{"line":120,"column":2},"end":{"line":127,"column":3}},"type":"if","locations":[{"start":{"line":120,"column":2},"end":{"line":127,"column":3}},{"start":{"line":120,"column":2},"end":{"line":127,"column":3}}],"line":120},"4":{"loc":{"start":{"line":121,"column":21},"end":{"line":121,"column":39}},"type":"binary-expr","locations":[{"start":{"line":121,"column":21},"end":{"line":121,"column":34}},{"start":{"line":121,"column":38},"end":{"line":121,"column":39}}],"line":121},"5":{"loc":{"start":{"line":128,"column":2},"end":{"line":143,"column":3}},"type":"if","locations":[{"start":{"line":128,"column":2},"end":{"line":143,"column":3}},{"start":{"line":128,"column":2},"end":{"line":143,"column":3}}],"line":128},"6":{"loc":{"start":{"line":129,"column":21},"end":{"line":129,"column":39}},"type":"binary-expr","locations":[{"start":{"line":129,"column":21},"end":{"line":129,"column":34}},{"start":{"line":129,"column":38},"end":{"line":129,"column":39}}],"line":129},"7":{"loc":{"start":{"line":130,"column":4},"end":{"line":136,"column":5}},"type":"if","locations":[{"start":{"line":130,"column":4},"end":{"line":136,"column":5}},{"start":{"line":130,"column":4},"end":{"line":136,"column":5}}],"line":130}},"s":{"0":5,"1":5,"2":14,"3":4,"4":4,"5":4,"6":4,"7":10,"8":2,"9":2,"10":2,"11":8,"12":2,"13":2,"14":2,"15":2,"16":2,"17":6,"18":4,"19":4,"20":2,"21":2,"22":2,"23":2,"24":2,"25":2,"26":2,"27":2,"28":5,"29":5,"30":3,"31":2,"32":4},"f":{"0":14,"1":2,"2":2,"3":2,"4":2,"5":5,"6":3,"7":2,"8":4},"b":{"0":[2],"1":[4,10],"2":[2,8],"3":[2,6],"4":[2,0],"5":[4,2],"6":[4,1],"7":[2,2]},"_coverageSchema":"1a1c01bbd47fc00a2c39e90264f33305004495a9","hash":"3c193a4274742f849171a2cec7dc5ecebe371649"}
,"/Users/williamsantos/workroot/react-native/shopping/src/Store/index.ts": {"path":"/Users/williamsantos/workroot/react-native/shopping/src/Store/index.ts","statementMap":{"0":{"start":{"line":4,"column":14},"end":{"line":4,"column":31}}},"fnMap":{},"branchMap":{},"s":{"0":1},"f":{},"b":{},"_coverageSchema":"1a1c01bbd47fc00a2c39e90264f33305004495a9","hash":"b8c3f7f0c9d3c3900a5292f8a6b37e0bbf2875c1"}
}
