TN:
SF:Utils/monks/Store/index.tsx
FN:22,(anonymous_0)
FNF:1
FNH:1
FNDA:3,(anonymous_0)
DA:8,2
DA:9,2
DA:11,2
DA:22,2
DA:23,3
DA:24,3
LF:6
LH:6
BRF:0
BRH:0
end_of_record
TN:
SF:src/index.tsx
FN:7,(anonymous_0)
FNF:1
FNH:1
FNDA:1,(anonymous_0)
DA:7,1
DA:8,1
LF:2
LH:2
BRF:0
BRH:0
end_of_record
TN:
SF:src/Components/Count/index.tsx
FN:11,(anonymous_0)
FN:12,(anonymous_1)
FN:14,(anonymous_2)
FN:15,(anonymous_3)
FN:22,(anonymous_4)
FN:28,(anonymous_5)
FNF:6
FNH:6
FNDA:10,(anonymous_0)
FNDA:15,(anonymous_1)
FNDA:15,(anonymous_2)
FNDA:15,(anonymous_3)
FNDA:1,(anonymous_4)
FNDA:1,(anonymous_5)
DA:11,3
DA:12,10
DA:13,15
DA:14,15
DA:15,15
DA:17,10
DA:18,10
DA:22,1
DA:28,1
LF:9
LH:9
BRDA:15,0,0,15
BRDA:15,0,1,3
BRF:2
BRH:2
end_of_record
TN:
SF:src/Components/Count/styles.ts
FNF:0
FNH:0
DA:3,3
DA:7,3
DA:16,3
DA:23,3
LF:4
LH:4
BRF:0
BRH:0
end_of_record
TN:
SF:src/Components/Product/index.tsx
FN:11,(anonymous_0)
FN:16,(anonymous_1)
FNF:2
FNH:2
FNDA:61,(anonymous_0)
FNDA:1,(anonymous_1)
DA:11,2
DA:12,61
DA:13,61
DA:17,1
LF:4
LH:4
BRF:0
BRH:0
end_of_record
TN:
SF:src/Components/Product/styles.ts
FNF:0
FNH:0
DA:3,2
DA:14,2
DA:19,2
DA:25,2
DA:30,2
LF:5
LH:5
BRF:0
BRH:0
end_of_record
TN:
SF:src/Components/ProductCart/index.tsx
FN:12,(anonymous_0)
FNF:1
FNH:1
FNDA:4,(anonymous_0)
DA:12,2
DA:13,4
LF:2
LH:2
BRF:0
BRH:0
end_of_record
TN:
SF:src/Components/ProductCart/styles.ts
FNF:0
FNH:0
DA:3,2
DA:14,2
DA:19,2
DA:25,2
DA:31,2
LF:5
LH:5
BRF:0
BRH:0
end_of_record
TN:
SF:src/Routes/index.tsx
FN:14,(anonymous_0)
FN:15,(anonymous_1)
FN:20,(anonymous_2)
FN:26,(anonymous_3)
FN:29,(anonymous_4)
FNF:5
FNH:5
FNDA:4,(anonymous_0)
FNDA:10,(anonymous_1)
FNDA:12,(anonymous_2)
FNDA:13,(anonymous_3)
FNDA:1,(anonymous_4)
DA:13,1
DA:14,1
DA:15,10
DA:16,4
DA:20,12
DA:27,13
DA:29,1
LF:7
LH:7
BRDA:31,0,0,13
BRDA:31,0,1,7
BRF:2
BRH:2
end_of_record
TN:
SF:src/Screens/Cart/index.tsx
FN:6,(anonymous_0)
FN:7,(anonymous_1)
FN:13,(anonymous_2)
FN:14,(anonymous_3)
FNF:4
FNH:4
FNDA:4,(anonymous_0)
FNDA:8,(anonymous_1)
FNDA:4,(anonymous_2)
FNDA:4,(anonymous_3)
DA:6,2
DA:7,8
DA:9,4
DA:13,4
DA:14,4
LF:5
LH:5
BRF:0
BRH:0
end_of_record
TN:
SF:src/Screens/Cart/styles.ts
FNF:0
FNH:0
DA:5,2
DA:9,2
LF:2
LH:2
BRF:0
BRH:0
end_of_record
TN:
SF:src/Screens/Details/index.tsx
FN:20,(anonymous_0)
FN:25,(anonymous_1)
FN:27,(anonymous_2)
FN:28,(anonymous_3)
FN:39,(anonymous_4)
FNF:5
FNH:5
FNDA:6,(anonymous_0)
FNDA:16,(anonymous_1)
FNDA:9,(anonymous_2)
FNDA:9,(anonymous_3)
FNDA:5,(anonymous_4)
DA:20,2
DA:21,6
DA:22,6
DA:23,6
DA:24,6
DA:25,6
DA:26,16
DA:27,9
DA:28,9
DA:31,6
DA:40,5
LF:11
LH:11
BRDA:28,0,0,9
BRDA:28,0,1,9
BRDA:40,1,0,2
BRDA:40,1,1,3
BRDA:45,2,0,3
BRDA:45,2,1,3
BRF:6
BRH:6
end_of_record
TN:
SF:src/Screens/Details/styles.ts
FNF:0
FNH:0
DA:3,2
DA:4,2
DA:8,2
DA:14,2
DA:18,2
DA:24,2
DA:30,2
LF:7
LH:7
BRF:0
BRH:0
end_of_record
TN:
SF:src/Screens/Shop/index.tsx
FN:6,(anonymous_0)
FN:7,(anonymous_1)
FN:13,(anonymous_2)
FN:14,(anonymous_3)
FNF:4
FNH:4
FNDA:7,(anonymous_0)
FNDA:14,(anonymous_1)
FNDA:61,(anonymous_2)
FNDA:61,(anonymous_3)
DA:6,2
DA:7,14
DA:9,7
DA:13,61
DA:14,61
LF:5
LH:5
BRF:0
BRH:0
end_of_record
TN:
SF:src/Screens/Shop/styles.ts
FNF:0
FNH:0
DA:5,2
DA:9,2
LF:2
LH:2
BRF:0
BRH:0
end_of_record
TN:
SF:src/Store/Shop.ts
FN:103,(anonymous_0)
FN:115,(anonymous_1)
FN:123,(anonymous_2)
FN:132,(anonymous_3)
FN:138,(anonymous_4)
FN:148,(anonymous_5)
FN:149,(anonymous_6)
FN:150,(anonymous_7)
FN:151,(anonymous_8)
FNF:9
FNH:9
FNDA:14,(anonymous_0)
FNDA:2,(anonymous_1)
FNDA:2,(anonymous_2)
FNDA:2,(anonymous_3)
FNDA:2,(anonymous_4)
FNDA:5,(anonymous_5)
FNDA:3,(anonymous_6)
FNDA:2,(anonymous_7)
FNDA:4,(anonymous_8)
DA:26,5
DA:103,5
DA:107,14
DA:108,4
DA:109,4
DA:110,4
DA:111,4
DA:113,10
DA:114,2
DA:115,2
DA:118,2
DA:120,8
DA:121,2
DA:122,2
DA:123,2
DA:125,2
DA:126,2
DA:128,6
DA:129,4
DA:130,4
DA:131,2
DA:132,2
DA:135,2
DA:137,2
DA:138,2
DA:140,2
DA:142,2
DA:144,2
DA:147,5
DA:148,5
DA:149,3
DA:150,2
DA:151,4
LF:33
LH:33
BRDA:104,0,0,2
BRDA:107,1,0,4
BRDA:107,1,1,10
BRDA:113,2,0,2
BRDA:113,2,1,8
BRDA:120,3,0,2
BRDA:120,3,1,6
BRDA:121,4,0,2
BRDA:121,4,1,0
BRDA:128,5,0,4
BRDA:128,5,1,2
BRDA:129,6,0,4
BRDA:129,6,1,1
BRDA:130,7,0,2
BRDA:130,7,1,2
BRF:15
BRH:14
end_of_record
TN:
SF:src/Store/index.ts
FNF:0
FNH:0
DA:4,1
LF:1
LH:1
BRF:0
BRH:0
end_of_record
